<?xml version="1.0" encoding="UTF-8"?>
<!-- Generated by org.testng.reporters.JUnitReportReporter -->
<testsuite name="com.testNG.TEST" tests="1" time="0.011" ignored="0" failures="0" timestamp="16 Feb 2020 04:45:41 GMT" skipped="0" hostname="DESKTOP-GNLM16N" errors="0">
  <testcase name="test1" time="0.011" classname="com.testNG.TEST"/>
</testsuite> <!-- com.testNG.TEST -->
